Determining if the pthread_create exist failed with the following output:
Change Dir: /home/rd400/test2_ws/src/apriltag/CMakeFiles/CMakeTmp

Run Build Command:"/usr/bin/make" "cmTC_6e419/fast"
/usr/bin/make -f CMakeFiles/cmTC_6e419.dir/build.make CMakeFiles/cmTC_6e419.dir/build
make[1]: Entering directory '/home/rd400/test2_ws/src/apriltag/CMakeFiles/CMakeTmp'
Building C object CMakeFiles/cmTC_6e419.dir/CheckSymbolExists.c.o
/usr/bin/cc    -o CMakeFiles/cmTC_6e419.dir/CheckSymbolExists.c.o   -c /home/rd400/test2_ws/src/apriltag/CMakeFiles/CMakeTmp/CheckSymbolExists.c
Linking C executable cmTC_6e419
/usr/bin/cmake -E cmake_link_script CMakeFiles/cmTC_6e419.dir/link.txt --verbose=1
/usr/bin/cc      -rdynamic CMakeFiles/cmTC_6e419.dir/CheckSymbolExists.c.o  -o cmTC_6e419 
CMakeFiles/cmTC_6e419.dir/CheckSymbolExists.c.o: In function `main':
CheckSymbolExists.c:(.text+0x1b): undefined reference to `pthread_create'
collect2: error: ld returned 1 exit status
CMakeFiles/cmTC_6e419.dir/build.make:97: recipe for target 'cmTC_6e419' failed
make[1]: *** [cmTC_6e419] Error 1
make[1]: Leaving directory '/home/rd400/test2_ws/src/apriltag/CMakeFiles/CMakeTmp'
Makefile:126: recipe for target 'cmTC_6e419/fast' failed
make: *** [cmTC_6e419/fast] Error 2

File /home/rd400/test2_ws/src/apriltag/CMakeFiles/CMakeTmp/CheckSymbolExists.c:
/* */
#include <pthread.h>

int main(int argc, char** argv)
{
  (void)argv;
#ifndef pthread_create
  return ((int*)(&pthread_create))[argc];
#else
  (void)argc;
  return 0;
#endif
}

Determining if the function pthread_create exists in the pthreads failed with the following output:
Change Dir: /home/rd400/test2_ws/src/apriltag/CMakeFiles/CMakeTmp

Run Build Command:"/usr/bin/make" "cmTC_b8b6d/fast"
/usr/bin/make -f CMakeFiles/cmTC_b8b6d.dir/build.make CMakeFiles/cmTC_b8b6d.dir/build
make[1]: Entering directory '/home/rd400/test2_ws/src/apriltag/CMakeFiles/CMakeTmp'
Building C object CMakeFiles/cmTC_b8b6d.dir/CheckFunctionExists.c.o
/usr/bin/cc   -DCHECK_FUNCTION_EXISTS=pthread_create   -o CMakeFiles/cmTC_b8b6d.dir/CheckFunctionExists.c.o   -c /usr/share/cmake-3.10/Modules/CheckFunctionExists.c
Linking C executable cmTC_b8b6d
/usr/bin/cmake -E cmake_link_script CMakeFiles/cmTC_b8b6d.dir/link.txt --verbose=1
/usr/bin/cc  -DCHECK_FUNCTION_EXISTS=pthread_create    -rdynamic CMakeFiles/cmTC_b8b6d.dir/CheckFunctionExists.c.o  -o cmTC_b8b6d -lpthreads 
/usr/bin/ld: cannot find -lpthreads
collect2: error: ld returned 1 exit status
CMakeFiles/cmTC_b8b6d.dir/build.make:97: recipe for target 'cmTC_b8b6d' failed
make[1]: *** [cmTC_b8b6d] Error 1
make[1]: Leaving directory '/home/rd400/test2_ws/src/apriltag/CMakeFiles/CMakeTmp'
Makefile:126: recipe for target 'cmTC_b8b6d/fast' failed
make: *** [cmTC_b8b6d/fast] Error 2


